::1 - - [16/Nov/2020:14:54:31 +0000] "GET /auth/valid_cookie HTTP/1.1" /auth/valid_cookie 200 5.423 ms - 26
::1 - - [16/Nov/2020:14:54:31 +0000] "GET /api/lists HTTP/1.1" /api/lists 200 1.611 ms - 24
::1 - - [16/Nov/2020:14:55:44 +0000] "POST /auth/login HTTP/1.1" /auth/login 200 90.618 ms - 40
::1 - - [16/Nov/2020:14:55:44 +0000] "GET /api/lists HTTP/1.1" /api/lists 401 0.737 ms - 26
::1 - - [16/Nov/2020:14:58:57 +0000] "GET /api/lists HTTP/1.1" /api/lists 401 3.136 ms - 26
::1 - - [16/Nov/2020:14:58:57 +0000] "GET /auth/valid_cookie HTTP/1.1" /auth/valid_cookie 401 0.771 ms - 28
::1 - - [16/Nov/2020:14:59:05 +0000] "POST /auth/login HTTP/1.1" /auth/login 200 83.970 ms - 40
::1 - - [16/Nov/2020:14:59:05 +0000] "GET /api/lists HTTP/1.1" /api/lists 401 1.182 ms - 26
::1 - - [16/Nov/2020:14:59:40 +0000] "POST /auth/login HTTP/1.1" /auth/login 200 81.887 ms - 40
::1 - - [16/Nov/2020:14:59:41 +0000] "GET /api/lists HTTP/1.1" /api/lists 401 0.487 ms - 26
::1 - - [16/Nov/2020:15:00:46 +0000] "POST /auth/login HTTP/1.1" /auth/login 200 82.424 ms - 40
::1 - - [16/Nov/2020:15:00:46 +0000] "GET /api/lists HTTP/1.1" /api/lists 401 0.814 ms - 26
::1 - - [16/Nov/2020:15:01:37 +0000] "POST /auth/login HTTP/1.1" /auth/login 200 86.210 ms - 40
::1 - - [16/Nov/2020:15:01:37 +0000] "GET /api/lists HTTP/1.1" /api/lists 200 2.661 ms - 24
::1 - - [16/Nov/2020:15:01:51 +0000] "POST /api/lists HTTP/1.1" /api/lists 201 8.914 ms - 30
::1 - - [16/Nov/2020:15:01:51 +0000] "GET /api/lists HTTP/1.1" /api/lists 200 1.548 ms - 228
::1 - - [16/Nov/2020:15:19:36 +0000] "GET /auth/valid_cookie HTTP/1.1" /auth/valid_cookie 304 5.990 ms - -
::1 - - [16/Nov/2020:15:19:36 +0000] "GET /api/lists HTTP/1.1" /api/lists 304 1.878 ms - -
::1 - - [16/Nov/2020:15:19:42 +0000] "POST /auth/login HTTP/1.1" /auth/login 200 78.522 ms - 40
::1 - - [16/Nov/2020:15:19:42 +0000] "GET /api/lists HTTP/1.1" /api/lists 304 1.899 ms - -
::1 - - [16/Nov/2020:15:30:46 +0000] "GET /auth/valid_cookie HTTP/1.1" /auth/valid_cookie 304 7.679 ms - -
::1 - - [16/Nov/2020:15:30:46 +0000] "GET /api/lists HTTP/1.1" /api/lists 304 2.449 ms - -
::1 - - [16/Nov/2020:15:31:50 +0000] "GET /api/lists HTTP/1.1" /api/lists 304 1.153 ms - -
::1 - - [16/Nov/2020:15:31:50 +0000] "GET /auth/valid_cookie HTTP/1.1" /auth/valid_cookie 304 0.931 ms - -
::1 - - [16/Nov/2020:15:31:50 +0000] "GET /api/lists HTTP/1.1" /api/lists 304 0.922 ms - -
::1 - - [16/Nov/2020:15:31:54 +0000] "GET /api/lists HTTP/1.1" /api/lists 304 0.900 ms - -
::1 - - [16/Nov/2020:15:31:57 +0000] "POST /auth/login HTTP/1.1" /auth/login 200 78.248 ms - 289
::1 - - [16/Nov/2020:15:31:57 +0000] "GET /api/lists HTTP/1.1" /api/lists 304 0.885 ms - -
::1 - - [16/Nov/2020:15:32:06 +0000] "GET /auth/valid_cookie HTTP/1.1" /auth/valid_cookie 200 0.791 ms - 26
::1 - - [16/Nov/2020:15:32:06 +0000] "GET /api/lists HTTP/1.1" /api/lists 200 1.185 ms - 228
::1 - - [16/Nov/2020:15:32:32 +0000] "GET /api/lists HTTP/1.1" /api/lists 200 1.121 ms - 228
::1 - - [16/Nov/2020:15:32:32 +0000] "GET /auth/valid_cookie HTTP/1.1" /auth/valid_cookie 200 0.792 ms - 26
::1 - - [16/Nov/2020:15:32:32 +0000] "GET /api/lists HTTP/1.1" /api/lists 200 1.297 ms - 228
::1 - - [16/Nov/2020:15:32:53 +0000] "GET /api/lists HTTP/1.1" /api/lists 200 1.020 ms - 228
::1 - - [16/Nov/2020:15:32:53 +0000] "GET /auth/valid_cookie HTTP/1.1" /auth/valid_cookie 200 0.791 ms - 26
::1 - - [16/Nov/2020:15:32:53 +0000] "GET /api/lists HTTP/1.1" /api/lists 200 0.955 ms - 228
::1 - - [16/Nov/2020:15:32:58 +0000] "POST /auth/login HTTP/1.1" /auth/login 200 79.291 ms - 289
::1 - - [16/Nov/2020:15:32:58 +0000] "GET /api/lists HTTP/1.1" /api/lists 200 1.166 ms - 228
::1 - - [16/Nov/2020:15:33:11 +0000] "GET /api/lists HTTP/1.1" /api/lists 200 0.824 ms - 228
::1 - - [16/Nov/2020:15:33:11 +0000] "GET /auth/valid_cookie HTTP/1.1" /auth/valid_cookie 200 0.696 ms - 26
::1 - - [16/Nov/2020:15:33:11 +0000] "GET /api/lists HTTP/1.1" /api/lists 200 0.870 ms - 228
::1 - - [16/Nov/2020:15:33:14 +0000] "GET /api/lists HTTP/1.1" /api/lists 200 1.581 ms - 228
::1 - - [16/Nov/2020:15:33:17 +0000] "POST /auth/login HTTP/1.1" /auth/login 200 77.451 ms - 289
::1 - - [16/Nov/2020:15:33:18 +0000] "GET /api/lists HTTP/1.1" /api/lists 200 0.846 ms - 228
::1 - - [16/Nov/2020:15:33:43 +0000] "GET /api/lists HTTP/1.1" /api/lists 200 0.918 ms - 228
::1 - - [16/Nov/2020:15:33:43 +0000] "GET /auth/valid_cookie HTTP/1.1" /auth/valid_cookie 200 0.693 ms - 26
::1 - - [16/Nov/2020:15:33:43 +0000] "GET /api/lists HTTP/1.1" /api/lists 200 0.856 ms - 228
::1 - - [16/Nov/2020:15:33:46 +0000] "POST /auth/login HTTP/1.1" /auth/login 200 76.540 ms - 289
::1 - - [16/Nov/2020:15:33:46 +0000] "GET /api/lists HTTP/1.1" /api/lists 200 0.834 ms - 228
::1 - - [16/Nov/2020:15:33:55 +0000] "GET /api/lists HTTP/1.1" /api/lists 200 0.960 ms - 228
::1 - - [16/Nov/2020:15:33:55 +0000] "GET /auth/valid_cookie HTTP/1.1" /auth/valid_cookie 200 0.641 ms - 26
::1 - - [16/Nov/2020:15:33:55 +0000] "GET /api/lists HTTP/1.1" /api/lists 200 0.940 ms - 228
